<?xml version="1.0" encoding="UTF-8"?>
<!-- Generated by org.testng.reporters.JUnitReportReporter -->
<testsuite hostname="DESKTOP-DQGIKCA" failures="0" tests="2" name="Loginpagetest.LoginpageTest" time="2.567" errors="0" timestamp="23 May 2022 11:26:30 GMT" skipped="0">
  <testcase classname="Loginpagetest.LoginpageTest" name="Loginpageworking" time="1.070"/>
  <testcase classname="Loginpagetest.LoginpageTest" name="navigatetoLoginpage" time="1.497"/>
</testsuite> <!-- Loginpagetest.LoginpageTest -->
