<?xml version="1.0" encoding="UTF-8"?>
<!-- Generated by org.testng.reporters.JUnitReportReporter -->
<testsuite skipped="0" hostname="DESKTOP-DQGIKCA" name="Loginpagetest.LoginpageTest" tests="2" failures="0" timestamp="27 May 2022 12:25:38 GMT" time="8.610" errors="0">
  <testcase name="navigatetoLoginpage" time="4.805" classname="Loginpagetest.LoginpageTest"/>
  <testcase name="Loginpageworking" time="3.805" classname="Loginpagetest.LoginpageTest"/>
</testsuite> <!-- Loginpagetest.LoginpageTest -->
